Configuring x509-system-1.6.3...
Building x509-system-1.6.3...
Preprocessing library x509-system-1.6.3...
[1 of 3] Compiling System.X509.MacOS ( System/X509/MacOS.hs, .stack-work/dist/x86_64-linux-dkda49f7ca9b244180d3cfb1987cbc9743/Cabal-1.22.4.0/build/System/X509/MacOS.o )

System/X509/MacOS.hs:2:1: Warning: Tab character

System/X509/MacOS.hs:3:1: Warning: Tab character

System/X509/MacOS.hs:8:1: Warning:
    The import of ‘Control.Applicative’ is redundant
      except perhaps to import instances from ‘Control.Applicative’
    To import instances alone, use: import Control.Applicative()
[2 of 3] Compiling System.X509.Unix ( System/X509/Unix.hs, .stack-work/dist/x86_64-linux-dkda49f7ca9b244180d3cfb1987cbc9743/Cabal-1.22.4.0/build/System/X509/Unix.o )

System/X509/Unix.hs:30:1: Warning:
    The import of ‘Control.Applicative’ is redundant
      except perhaps to import instances from ‘Control.Applicative’
    To import instances alone, use: import Control.Applicative()

System/X509/Unix.hs:36:1: Warning:
    The import of ‘Data.Monoid’ is redundant
      except perhaps to import instances from ‘Data.Monoid’
    To import instances alone, use: import Data.Monoid()
[3 of 3] Compiling System.X509      ( System/X509.hs, .stack-work/dist/x86_64-linux-dkda49f7ca9b244180d3cfb1987cbc9743/Cabal-1.22.4.0/build/System/X509.o )

System/X509.hs:10:1: Warning: Tab character

System/X509.hs:11:1: Warning: Tab character
In-place registering x509-system-1.6.3...
Installing library in /Users/HughLavery/Documents/College/Year
4/CS4400/distributed-cyclomatic-complexity/.stack-work/install/x86_64-linux-dkda49f7ca9b244180d3cfb1987cbc9743/lts-3.22/7.10.2/lib/x86_64-linux-ghc-7.10.2/x509-system-1.6.3-BwGbbLDEI09384apXIO3PK
Registering x509-system-1.6.3...
